

HI-TECH Software PIC LITE Macro Assembler V9.71a build 6446 
                                                                                               Tue Mar 28 19:09:29 2023

HI-TECH Software Omniscient Code Generator (Lite mode) build 6446
     1  0000                     opt subtitle "HI-TECH Software Omniscient Code Generator (Lite mode) build 6446"
     2                           
     3                           opt pagewidth 120
     4                           
     5                           	opt lm
     6                           
     7                           	processor	16F877A
     8                           clrc	macro
     9                           	bcf	3,0
    10  0000                     	endm
    11                           clrz	macro
    12                           	bcf	3,2
    13  0000                     	endm
    14                           setc	macro
    15                           	bsf	3,0
    16  0000                     	endm
    17                           setz	macro
    18                           	bsf	3,2
    19  0000                     	endm
    20                           skipc	macro
    21                           	btfss	3,0
    22  0000                     	endm
    23                           skipz	macro
    24                           	btfss	3,2
    25  0000                     	endm
    26                           skipnc	macro
    27                           	btfsc	3,0
    28  0000                     	endm
    29                           skipnz	macro
    30                           	btfsc	3,2
    31  0000                     	endm
    32  0000                     indf	equ	0
    33  0000                     indf0	equ	0
    34  0002                     pc	equ	2
    35  0002                     pcl	equ	2
    36  0003                     status	equ	3
    37  0004                     fsr	equ	4
    38  0004                     fsr0	equ	4
    39  0001                     c	equ	1
    40  0000                     z	equ	0
    41  000A                     pclath	equ	10
    42                           # 6 "C:\Users\vinoth k\OneDrive\Desktop\pic codings\ADC peripheral\ADC.c"
    43                           	psect config,class=CONFIG,delta=2 ;#
    44                           # 6 "C:\Users\vinoth k\OneDrive\Desktop\pic codings\ADC peripheral\ADC.c"
    45  2007  3F72               	dw 0X3F72 ;#
    46                           	FNCALL	_main,_lcd_init
    47                           	FNCALL	_main,___awdiv
    48                           	FNCALL	_main,___awmod
    49                           	FNCALL	_main,_lcd_cmd
    50                           	FNCALL	_main,_lcd_data
    51                           	FNCALL	_lcd_init,_lcd_cmd
    52                           	FNCALL	_lcd_cmd,_delay
    53                           	FNCALL	_lcd_data,_delay
    54                           	FNROOT	_main
    55                           	global	_a
    56                           	global	_b
    57                           	global	_c
    58                           	global	_d
    59                           	global	_e
    60                           	global	_f
    61                           	global	_i
    62                           	global	_temp
    63                           	global	_ADCON0
    64                           psect	text158,local,class=CODE,delta=2
    65                           global __ptext158
    66  0000                     __ptext158:
    67  001F                     _ADCON0	set	31
    68                           	global	_ADRESH
    69  001E                     _ADRESH	set	30
    70                           	global	_PORTB
    71  0006                     _PORTB	set	6
    72                           	global	_PORTD
    73  0008                     _PORTD	set	8
    74                           	global	_ADON
    75  00F8                     _ADON	set	248
    76                           	global	_CHS0
    77  00FB                     _CHS0	set	251
    78                           	global	_CHS1
    79  00FC                     _CHS1	set	252
    80                           	global	_CHS2
    81  00FD                     _CHS2	set	253
    82                           	global	_RB1
    83  0031                     _RB1	set	49
    84                           	global	_RD6
    85  0046                     _RD6	set	70
    86                           	global	_RD7
    87  0047                     _RD7	set	71
    88                           	global	_ADCON1
    89  009F                     _ADCON1	set	159
    90                           	global	_ADRESL
    91  009E                     _ADRESL	set	158
    92                           	global	_TRISB
    93  0086                     _TRISB	set	134
    94                           	global	_TRISD
    95  0088                     _TRISD	set	136
    96                           	file	"ADC.as"
    97                           	line	#
    98                           psect cinit,class=CODE,delta=2
    99                           global start_initialization
   100  05F3                     start_initialization:
   101                           
   102                           psect	bssCOMMON,class=COMMON,space=1
   103                           global __pbssCOMMON
   104  007B                     __pbssCOMMON:
   105  007B                     _temp:
   106  007B                            ds      2
   107                           
   108                           psect	bssBANK0,class=BANK0,space=1
   109                           global __pbssBANK0
   110  0020                     __pbssBANK0:
   111  0020                     _a:
   112  0020                            ds      2
   113                           
   114  0022                     _b:
   115  0022                            ds      2
   116                           
   117  0024                     _c:
   118  0024                            ds      2
   119                           
   120  0026                     _d:
   121  0026                            ds      2
   122                           
   123  0028                     _e:
   124  0028                            ds      2
   125                           
   126  002A                     _f:
   127  002A                            ds      2
   128                           
   129  002C                     _i:
   130  002C                            ds      2
   131                           
   132                           ; Clear objects allocated to COMMON
   133                           psect cinit,class=CODE,delta=2
   134  05F3  01FB               	clrf	((__pbssCOMMON)+0)&07Fh
   135  05F4  01FC               	clrf	((__pbssCOMMON)+1)&07Fh
   136                           ; Clear objects allocated to BANK0
   137                           psect cinit,class=CODE,delta=2
   138  05F5  01A0               	clrf	((__pbssBANK0)+0)&07Fh
   139  05F6  01A1               	clrf	((__pbssBANK0)+1)&07Fh
   140  05F7  01A2               	clrf	((__pbssBANK0)+2)&07Fh
   141  05F8  01A3               	clrf	((__pbssBANK0)+3)&07Fh
   142  05F9  01A4               	clrf	((__pbssBANK0)+4)&07Fh
   143  05FA  01A5               	clrf	((__pbssBANK0)+5)&07Fh
   144  05FB  01A6               	clrf	((__pbssBANK0)+6)&07Fh
   145  05FC  01A7               	clrf	((__pbssBANK0)+7)&07Fh
   146  05FD  01A8               	clrf	((__pbssBANK0)+8)&07Fh
   147  05FE  01A9               	clrf	((__pbssBANK0)+9)&07Fh
   148  05FF  01AA               	clrf	((__pbssBANK0)+10)&07Fh
   149  0600  01AB               	clrf	((__pbssBANK0)+11)&07Fh
   150  0601  01AC               	clrf	((__pbssBANK0)+12)&07Fh
   151  0602  01AD               	clrf	((__pbssBANK0)+13)&07Fh
   152                           psect cinit,class=CODE,delta=2
   153                           global end_of_initialization
   154                           
   155                           ;End of C runtime variable initialization code
   156                           
   157  0603                     end_of_initialization:
   158  0603  0183               clrf status
   159  0604  120A  118A  2F0E   ljmp _main	;jump to C main() function
   160                           psect	cstackCOMMON,class=COMMON,space=1
   161                           global __pcstackCOMMON
   162  0070                     __pcstackCOMMON:
   163                           	global	?_delay
   164  0070                     ?_delay:	; 0 bytes @ 0x0
   165                           	global	??_delay
   166  0070                     ??_delay:	; 0 bytes @ 0x0
   167                           	global	?_lcd_data
   168  0070                     ?_lcd_data:	; 0 bytes @ 0x0
   169                           	global	?_lcd_init
   170  0070                     ?_lcd_init:	; 0 bytes @ 0x0
   171                           	global	?_main
   172  0070                     ?_main:	; 2 bytes @ 0x0
   173                           	global	?___awdiv
   174  0070                     ?___awdiv:	; 2 bytes @ 0x0
   175                           	global	?___awmod
   176  0070                     ?___awmod:	; 2 bytes @ 0x0
   177                           	global	delay@x
   178  0070                     delay@x:	; 1 bytes @ 0x0
   179                           	global	___awdiv@divisor
   180  0070                     ___awdiv@divisor:	; 2 bytes @ 0x0
   181                           	global	___awmod@divisor
   182  0070                     ___awmod@divisor:	; 2 bytes @ 0x0
   183  0070                     	ds	1
   184                           	global	??_lcd_data
   185  0071                     ??_lcd_data:	; 0 bytes @ 0x1
   186                           	global	?_lcd_cmd
   187  0071                     ?_lcd_cmd:	; 0 bytes @ 0x1
   188                           	global	lcd_data@data
   189  0071                     lcd_data@data:	; 1 bytes @ 0x1
   190                           	global	lcd_cmd@cmd
   191  0071                     lcd_cmd@cmd:	; 2 bytes @ 0x1
   192  0071                     	ds	1
   193                           	global	___awdiv@dividend
   194  0072                     ___awdiv@dividend:	; 2 bytes @ 0x2
   195                           	global	___awmod@dividend
   196  0072                     ___awmod@dividend:	; 2 bytes @ 0x2
   197  0072                     	ds	1
   198                           	global	??_lcd_cmd
   199  0073                     ??_lcd_cmd:	; 0 bytes @ 0x3
   200                           	global	??_lcd_init
   201  0073                     ??_lcd_init:	; 0 bytes @ 0x3
   202  0073                     	ds	1
   203                           	global	??___awdiv
   204  0074                     ??___awdiv:	; 0 bytes @ 0x4
   205                           	global	??___awmod
   206  0074                     ??___awmod:	; 0 bytes @ 0x4
   207  0074                     	ds	1
   208                           	global	___awdiv@counter
   209  0075                     ___awdiv@counter:	; 1 bytes @ 0x5
   210                           	global	___awmod@counter
   211  0075                     ___awmod@counter:	; 1 bytes @ 0x5
   212  0075                     	ds	1
   213                           	global	___awdiv@sign
   214  0076                     ___awdiv@sign:	; 1 bytes @ 0x6
   215                           	global	___awmod@sign
   216  0076                     ___awmod@sign:	; 1 bytes @ 0x6
   217  0076                     	ds	1
   218                           	global	___awdiv@quotient
   219  0077                     ___awdiv@quotient:	; 2 bytes @ 0x7
   220  0077                     	ds	2
   221                           	global	??_main
   222  0079                     ??_main:	; 0 bytes @ 0x9
   223  0079                     	ds	2
   224 ;;Data sizes: Strings 0, constant 0, data 0, bss 16, persistent 0 stack 0
   225 ;;Auto spaces:   Size  Autos    Used
   226 ;; COMMON          14     11      13
   227 ;; BANK0           80      0      14
   228 ;; BANK1           80      0       0
   229 ;; BANK3           96      0       0
   230 ;; BANK2           96      0       0
   231                           
   232 ;;
   233 ;; Pointer list with targets:
   234                           
   235 ;; ?___awmod	int  size(1) Largest target is 0
   236 ;;
   237 ;; ?___awdiv	int  size(1) Largest target is 0
   238 ;;
   239                           
   240                           
   241 ;;
   242 ;; Critical Paths under _main in COMMON
   243 ;;
   244 ;;   _main->___awdiv
   245 ;;   _lcd_init->_lcd_cmd
   246 ;;   _lcd_cmd->_delay
   247 ;;   _lcd_data->_delay
   248 ;;
   249 ;; Critical Paths under _main in BANK0
   250 ;;
   251 ;;   None.
   252 ;;
   253 ;; Critical Paths under _main in BANK1
   254 ;;
   255 ;;   None.
   256 ;;
   257 ;; Critical Paths under _main in BANK3
   258 ;;
   259 ;;   None.
   260 ;;
   261 ;; Critical Paths under _main in BANK2
   262 ;;
   263 ;;   None.
   264                           
   265 ;;
   266 ;;Main: autosize = 0, tempsize = 2, incstack = 0, save=0
   267 ;;
   268                           
   269 ;;
   270 ;;Call Graph Tables:
   271 ;;
   272 ;; ---------------------------------------------------------------------------------
   273 ;; (Depth) Function   	        Calls       Base Space   Used Autos Params    Refs
   274 ;; ---------------------------------------------------------------------------------
   275 ;; (0) _main                                                 2     2      0     728
   276 ;;                                              9 COMMON     2     2      0
   277 ;;                           _lcd_init
   278 ;;                            ___awdiv
   279 ;;                            ___awmod
   280 ;;                            _lcd_cmd
   281 ;;                           _lcd_data
   282 ;; ---------------------------------------------------------------------------------
   283 ;; (1) _lcd_init                                             0     0      0      44
   284 ;;                            _lcd_cmd
   285 ;; ---------------------------------------------------------------------------------
   286 ;; (1) _lcd_cmd                                              2     0      2      44
   287 ;;                                              1 COMMON     2     0      2
   288 ;;                              _delay
   289 ;; ---------------------------------------------------------------------------------
   290 ;; (1) _lcd_data                                             1     1      0      44
   291 ;;                                              1 COMMON     1     1      0
   292 ;;                              _delay
   293 ;; ---------------------------------------------------------------------------------
   294 ;; (1) ___awmod                                              7     3      4     296
   295 ;;                                              0 COMMON     7     3      4
   296 ;; ---------------------------------------------------------------------------------
   297 ;; (1) ___awdiv                                              9     5      4     300
   298 ;;                                              0 COMMON     9     5      4
   299 ;; ---------------------------------------------------------------------------------
   300 ;; (2) _delay                                                1     1      0      22
   301 ;;                                              0 COMMON     1     1      0
   302 ;; ---------------------------------------------------------------------------------
   303 ;; Estimated maximum stack depth 2
   304 ;; ---------------------------------------------------------------------------------
   305                           
   306 ;; Call Graph Graphs:
   307                           
   308 ;; _main (ROOT)
   309 ;;   _lcd_init
   310 ;;     _lcd_cmd
   311 ;;       _delay
   312 ;;   ___awdiv
   313 ;;   ___awmod
   314 ;;   _lcd_cmd
   315 ;;     _delay
   316 ;;   _lcd_data
   317 ;;     _delay
   318 ;;
   319                           
   320 ;; Address spaces:
   321                           
   322 ;;Name               Size   Autos  Total    Cost      Usage
   323 ;;BITCOMMON            E      0       0       0        0.0%
   324 ;;EEDATA             100      0       0       0        0.0%
   325 ;;NULL                 0      0       0       0        0.0%
   326 ;;CODE                 0      0       0       0        0.0%
   327 ;;COMMON               E      B       D       1       92.9%
   328 ;;BITSFR0              0      0       0       1        0.0%
   329 ;;SFR0                 0      0       0       1        0.0%
   330 ;;BITSFR1              0      0       0       2        0.0%
   331 ;;SFR1                 0      0       0       2        0.0%
   332 ;;STACK                0      0       3       2        0.0%
   333 ;;ABS                  0      0      1B       3        0.0%
   334 ;;BITBANK0            50      0       0       4        0.0%
   335 ;;BITSFR3              0      0       0       4        0.0%
   336 ;;SFR3                 0      0       0       4        0.0%
   337 ;;BANK0               50      0       E       5       17.5%
   338 ;;BITSFR2              0      0       0       5        0.0%
   339 ;;SFR2                 0      0       0       5        0.0%
   340 ;;BITBANK1            50      0       0       6        0.0%
   341 ;;BANK1               50      0       0       7        0.0%
   342 ;;BITBANK3            60      0       0       8        0.0%
   343 ;;BANK3               60      0       0       9        0.0%
   344 ;;BITBANK2            60      0       0      10        0.0%
   345 ;;BANK2               60      0       0      11        0.0%
   346 ;;DATA                 0      0      1E      12        0.0%
   347                           
   348                           	global	_main
   349                           psect	maintext,global,class=CODE,delta=2
   350                           global __pmaintext
   351  070E                     __pmaintext:
   352                           
   353 ;; *************** function _main *****************
   354 ;; Defined at:
   355 ;;		line 47 in file "C:\Users\vinoth k\OneDrive\Desktop\pic codings\ADC peripheral\ADC.c"
   356 ;; Parameters:    Size  Location     Type
   357 ;;		None
   358 ;; Auto vars:     Size  Location     Type
   359 ;;		None
   360 ;; Return value:  Size  Location     Type
   361 ;;                  2  595[COMMON] int 
   362 ;; Registers used:
   363 ;;		wreg, status,2, status,0, btemp+0, pclath, cstack
   364 ;; Tracked objects:
   365 ;;		On entry : 17F/0
   366 ;;		On exit  : 0/0
   367 ;;		Unchanged: 0/0
   368 ;; Data sizes:     COMMON   BANK0   BANK1   BANK3   BANK2
   369 ;;      Params:         0       0       0       0       0
   370 ;;      Locals:         0       0       0       0       0
   371 ;;      Temps:          2       0       0       0       0
   372 ;;      Totals:         2       0       0       0       0
   373 ;;Total ram usage:        2 bytes
   374 ;; Hardware stack levels required when called:    3
   375 ;; This function calls:
   376 ;;		_lcd_init
   377 ;;		___awdiv
   378 ;;		___awmod
   379 ;;		_lcd_cmd
   380 ;;		_lcd_data
   381 ;; This function is called by:
   382 ;;		Startup code after reset
   383 ;; This function uses a non-reentrant model
   384 ;;
   385                           psect	maintext
   386                           	file	"C:\Users\vinoth k\OneDrive\Desktop\pic codings\ADC peripheral\ADC.c"
   387                           	line	47
   388                           	global	__size_of_main
   389  00F2                     	__size_of_main	equ	__end_of_main-_main
   390                           	
   391  070E                     _main:	
   392                           	opt	stack 8
   393                           ; Regs used in _main: [wreg+status,2-btemp+0+pclath+cstack]
   394                           	line	48
   395                           	
   396  070E                     l2036:	
   397                           ;ADC.c: 48: TRISB=0x00;
   398  070E  1683               	bsf	status, 5	;RP0=1, select bank1
   399  070F  1303               	bcf	status, 6	;RP1=0, select bank1
   400  0710  0186               	clrf	(134)^080h	;volatile
   401                           	line	49
   402                           ;ADC.c: 49: PORTB=0x00;
   403  0711  1283               	bcf	status, 5	;RP0=0, select bank0
   404  0712  1303               	bcf	status, 6	;RP1=0, select bank0
   405  0713  0186               	clrf	(6)	;volatile
   406                           	line	50
   407                           ;ADC.c: 50: TRISD=0x00;
   408  0714  1683               	bsf	status, 5	;RP0=1, select bank1
   409  0715  1303               	bcf	status, 6	;RP1=0, select bank1
   410  0716  0188               	clrf	(136)^080h	;volatile
   411                           	line	51
   412                           ;ADC.c: 51: PORTD=0x00;
   413  0717  1283               	bcf	status, 5	;RP0=0, select bank0
   414  0718  1303               	bcf	status, 6	;RP1=0, select bank0
   415  0719  0188               	clrf	(8)	;volatile
   416                           	line	52
   417                           	
   418  071A                     l2038:	
   419                           ;ADC.c: 52: ADCON0=0x40;
   420  071A  3040               	movlw	(040h)
   421  071B  009F               	movwf	(31)	;volatile
   422                           	line	53
   423                           	
   424  071C                     l2040:	
   425                           ;ADC.c: 53: ADCON1=0x8E;
   426  071C  308E               	movlw	(08Eh)
   427  071D  1683               	bsf	status, 5	;RP0=1, select bank1
   428  071E  1303               	bcf	status, 6	;RP1=0, select bank1
   429  071F  009F               	movwf	(159)^080h	;volatile
   430                           	line	54
   431                           	
   432  0720                     l2042:	
   433                           ;ADC.c: 54: lcd_init();
   434  0720  120A  118A  2607   	fcall	_lcd_init
              120A  118A         
   435                           	line	55
   436                           ;ADC.c: 55: while(1)
   437                           	
   438  0725                     l596:	
   439                           	line	57
   440                           	
   441  0725                     l2044:	
   442                           ;ADC.c: 56: {
   443                           ;ADC.c: 57: CHS2=0;
   444  0725  1283               	bcf	status, 5	;RP0=0, select bank0
   445  0726  1303               	bcf	status, 6	;RP1=0, select bank0
   446  0727  129F               	bcf	(253/8),(253)&7
   447                           	line	58
   448                           	
   449  0728                     l2046:	
   450                           ;ADC.c: 58: CHS1=0;
   451  0728  121F               	bcf	(252/8),(252)&7
   452                           	line	59
   453                           	
   454  0729                     l2048:	
   455                           ;ADC.c: 59: CHS0=0;
   456  0729  119F               	bcf	(251/8),(251)&7
   457                           	line	60
   458                           	
   459  072A                     l2050:	
   460                           ;ADC.c: 60: ADON=1;
   461  072A  141F               	bsf	(248/8),(248)&7
   462                           	line	61
   463                           	
   464  072B                     l2052:	
   465                           ;ADC.c: 61: ADCON0=(ADCON0|0x04);
   466  072B  081F               	movf	(31),w	;volatile
   467  072C  3804               	iorlw	04h
   468  072D  009F               	movwf	(31)	;volatile
   469                           	line	62
   470                           	
   471  072E                     l2054:	
   472                           ;ADC.c: 62: temp=ADRESH<<8;
   473  072E  081E               	movf	(30),w	;volatile
   474  072F  00F9               	movwf	(??_main+0)+0
   475  0730  01FA               	clrf	(??_main+0)+0+1
   476  0731  3008               	movlw	08h
   477  0732  00FE               	movwf	btemp+0
   478  0733                     u2385:
   479  0733  1003               	clrc
   480  0734  0DF9               	rlf	(??_main+0)+0,f
   481  0735  0DFA               	rlf	(??_main+0)+1,f
   482  0736  0BFE               	decfsz	btemp+0,f
   483  0737  2F33               	goto	u2385
   484  0738  0879               	movf	0+(??_main+0)+0,w
   485  0739  00FB               	movwf	(_temp)
   486  073A  087A               	movf	1+(??_main+0)+0,w
   487  073B  00FC               	movwf	(_temp+1)
   488                           	line	63
   489                           	
   490  073C                     l2056:	
   491                           ;ADC.c: 63: temp=temp+ADRESL;
   492  073C  1683               	bsf	status, 5	;RP0=1, select bank1
   493  073D  1303               	bcf	status, 6	;RP1=0, select bank1
   494  073E  081E               	movf	(158)^080h,w	;volatile
   495  073F  077B               	addwf	(_temp),w
   496  0740  00FB               	movwf	(_temp)
   497  0741  087C               	movf	(_temp+1),w
   498  0742  1803               	skipnc
   499  0743  0A7C               	incf	(_temp+1),w
   500  0744  00FC               	movwf	((_temp))+1
   501                           	line	64
   502                           	
   503  0745                     l2058:	
   504                           ;ADC.c: 64: a=temp/1000;
   505  0745  30E8               	movlw	low(03E8h)
   506  0746  00F0               	movwf	(?___awdiv)
   507  0747  3003               	movlw	high(03E8h)
   508  0748  00F1               	movwf	((?___awdiv))+1
   509  0749  087C               	movf	(_temp+1),w
   510  074A  01F3               	clrf	1+(?___awdiv)+02h
   511  074B  07F3               	addwf	1+(?___awdiv)+02h
   512  074C  087B               	movf	(_temp),w
   513  074D  01F2               	clrf	0+(?___awdiv)+02h
   514  074E  07F2               	addwf	0+(?___awdiv)+02h
   515                           
   516  074F  120A  118A  269E   	fcall	___awdiv
              120A  118A         
   517  0754  0871               	movf	(1+(?___awdiv)),w
   518  0755  1283               	bcf	status, 5	;RP0=0, select bank0
   519  0756  1303               	bcf	status, 6	;RP1=0, select bank0
   520  0757  01A1               	clrf	(_a+1)
   521  0758  07A1               	addwf	(_a+1)
   522  0759  0870               	movf	(0+(?___awdiv)),w
   523  075A  01A0               	clrf	(_a)
   524  075B  07A0               	addwf	(_a)
   525                           
   526                           	line	65
   527                           	
   528  075C                     l2060:	
   529                           ;ADC.c: 65: b=temp%1000;
   530  075C  30E8               	movlw	low(03E8h)
   531  075D  00F0               	movwf	(?___awmod)
   532  075E  3003               	movlw	high(03E8h)
   533  075F  00F1               	movwf	((?___awmod))+1
   534  0760  087C               	movf	(_temp+1),w
   535  0761  01F3               	clrf	1+(?___awmod)+02h
   536  0762  07F3               	addwf	1+(?___awmod)+02h
   537  0763  087B               	movf	(_temp),w
   538  0764  01F2               	clrf	0+(?___awmod)+02h
   539  0765  07F2               	addwf	0+(?___awmod)+02h
   540                           
   541  0766  120A  118A  263E   	fcall	___awmod
              120A  118A         
   542  076B  0871               	movf	(1+(?___awmod)),w
   543  076C  1283               	bcf	status, 5	;RP0=0, select bank0
   544  076D  1303               	bcf	status, 6	;RP1=0, select bank0
   545  076E  01A3               	clrf	(_b+1)
   546  076F  07A3               	addwf	(_b+1)
   547  0770  0870               	movf	(0+(?___awmod)),w
   548  0771  01A2               	clrf	(_b)
   549  0772  07A2               	addwf	(_b)
   550                           
   551                           	line	66
   552                           	
   553  0773                     l2062:	
   554                           ;ADC.c: 66: c=b/100;
   555  0773  3064               	movlw	low(064h)
   556  0774  00F0               	movwf	(?___awdiv)
   557  0775  3000               	movlw	high(064h)
   558  0776  00F1               	movwf	((?___awdiv))+1
   559  0777  0823               	movf	(_b+1),w
   560  0778  01F3               	clrf	1+(?___awdiv)+02h
   561  0779  07F3               	addwf	1+(?___awdiv)+02h
   562  077A  0822               	movf	(_b),w
   563  077B  01F2               	clrf	0+(?___awdiv)+02h
   564  077C  07F2               	addwf	0+(?___awdiv)+02h
   565                           
   566  077D  120A  118A  269E   	fcall	___awdiv
              120A  118A         
   567  0782  0871               	movf	(1+(?___awdiv)),w
   568  0783  1283               	bcf	status, 5	;RP0=0, select bank0
   569  0784  1303               	bcf	status, 6	;RP1=0, select bank0
   570  0785  01A5               	clrf	(_c+1)
   571  0786  07A5               	addwf	(_c+1)
   572  0787  0870               	movf	(0+(?___awdiv)),w
   573  0788  01A4               	clrf	(_c)
   574  0789  07A4               	addwf	(_c)
   575                           
   576                           	line	67
   577                           	
   578  078A                     l2064:	
   579                           ;ADC.c: 67: d=b%100;
   580  078A  3064               	movlw	low(064h)
   581  078B  00F0               	movwf	(?___awmod)
   582  078C  3000               	movlw	high(064h)
   583  078D  00F1               	movwf	((?___awmod))+1
   584  078E  0823               	movf	(_b+1),w
   585  078F  01F3               	clrf	1+(?___awmod)+02h
   586  0790  07F3               	addwf	1+(?___awmod)+02h
   587  0791  0822               	movf	(_b),w
   588  0792  01F2               	clrf	0+(?___awmod)+02h
   589  0793  07F2               	addwf	0+(?___awmod)+02h
   590                           
   591  0794  120A  118A  263E   	fcall	___awmod
              120A  118A         
   592  0799  0871               	movf	(1+(?___awmod)),w
   593  079A  1283               	bcf	status, 5	;RP0=0, select bank0
   594  079B  1303               	bcf	status, 6	;RP1=0, select bank0
   595  079C  01A7               	clrf	(_d+1)
   596  079D  07A7               	addwf	(_d+1)
   597  079E  0870               	movf	(0+(?___awmod)),w
   598  079F  01A6               	clrf	(_d)
   599  07A0  07A6               	addwf	(_d)
   600                           
   601                           	line	68
   602                           	
   603  07A1                     l2066:	
   604                           ;ADC.c: 68: e=d/10;
   605  07A1  300A               	movlw	low(0Ah)
   606  07A2  00F0               	movwf	(?___awdiv)
   607  07A3  3000               	movlw	high(0Ah)
   608  07A4  00F1               	movwf	((?___awdiv))+1
   609  07A5  0827               	movf	(_d+1),w
   610  07A6  01F3               	clrf	1+(?___awdiv)+02h
   611  07A7  07F3               	addwf	1+(?___awdiv)+02h
   612  07A8  0826               	movf	(_d),w
   613  07A9  01F2               	clrf	0+(?___awdiv)+02h
   614  07AA  07F2               	addwf	0+(?___awdiv)+02h
   615                           
   616  07AB  120A  118A  269E   	fcall	___awdiv
              120A  118A         
   617  07B0  0871               	movf	(1+(?___awdiv)),w
   618  07B1  1283               	bcf	status, 5	;RP0=0, select bank0
   619  07B2  1303               	bcf	status, 6	;RP1=0, select bank0
   620  07B3  01A9               	clrf	(_e+1)
   621  07B4  07A9               	addwf	(_e+1)
   622  07B5  0870               	movf	(0+(?___awdiv)),w
   623  07B6  01A8               	clrf	(_e)
   624  07B7  07A8               	addwf	(_e)
   625                           
   626                           	line	69
   627                           	
   628  07B8                     l2068:	
   629                           ;ADC.c: 69: f=d%10;
   630  07B8  300A               	movlw	low(0Ah)
   631  07B9  00F0               	movwf	(?___awmod)
   632  07BA  3000               	movlw	high(0Ah)
   633  07BB  00F1               	movwf	((?___awmod))+1
   634  07BC  0827               	movf	(_d+1),w
   635  07BD  01F3               	clrf	1+(?___awmod)+02h
   636  07BE  07F3               	addwf	1+(?___awmod)+02h
   637  07BF  0826               	movf	(_d),w
   638  07C0  01F2               	clrf	0+(?___awmod)+02h
   639  07C1  07F2               	addwf	0+(?___awmod)+02h
   640                           
   641  07C2  120A  118A  263E   	fcall	___awmod
              120A  118A         
   642  07C7  0871               	movf	(1+(?___awmod)),w
   643  07C8  1283               	bcf	status, 5	;RP0=0, select bank0
   644  07C9  1303               	bcf	status, 6	;RP1=0, select bank0
   645  07CA  01AB               	clrf	(_f+1)
   646  07CB  07AB               	addwf	(_f+1)
   647  07CC  0870               	movf	(0+(?___awmod)),w
   648  07CD  01AA               	clrf	(_f)
   649  07CE  07AA               	addwf	(_f)
   650                           
   651                           	line	70
   652                           	
   653  07CF                     l2070:	
   654                           ;ADC.c: 70: lcd_cmd(0xC0);
   655  07CF  30C0               	movlw	low(0C0h)
   656  07D0  00F1               	movwf	(?_lcd_cmd)
   657  07D1  3000               	movlw	high(0C0h)
   658  07D2  00F2               	movwf	((?_lcd_cmd))+1
   659  07D3  120A  118A  25D0   	fcall	_lcd_cmd
              120A  118A         
   660                           	line	71
   661                           	
   662  07D8                     l2072:	
   663                           ;ADC.c: 71: lcd_data(a+48);
   664  07D8  1283               	bcf	status, 5	;RP0=0, select bank0
   665  07D9  1303               	bcf	status, 6	;RP1=0, select bank0
   666  07DA  0820               	movf	(_a),w
   667  07DB  3E30               	addlw	030h
   668  07DC  120A  118A  25E1   	fcall	_lcd_data
              120A  118A         
   669                           	line	72
   670                           	
   671  07E1                     l2074:	
   672                           ;ADC.c: 72: lcd_data(c+48);
   673  07E1  1283               	bcf	status, 5	;RP0=0, select bank0
   674  07E2  1303               	bcf	status, 6	;RP1=0, select bank0
   675  07E3  0824               	movf	(_c),w
   676  07E4  3E30               	addlw	030h
   677  07E5  120A  118A  25E1   	fcall	_lcd_data
              120A  118A         
   678                           	line	73
   679                           	
   680  07EA                     l2076:	
   681                           ;ADC.c: 73: lcd_data(e+48);
   682  07EA  1283               	bcf	status, 5	;RP0=0, select bank0
   683  07EB  1303               	bcf	status, 6	;RP1=0, select bank0
   684  07EC  0828               	movf	(_e),w
   685  07ED  3E30               	addlw	030h
   686  07EE  120A  118A  25E1   	fcall	_lcd_data
              120A  118A         
   687                           	line	74
   688                           	
   689  07F3                     l2078:	
   690                           ;ADC.c: 74: lcd_data(f+48);
   691  07F3  1283               	bcf	status, 5	;RP0=0, select bank0
   692  07F4  1303               	bcf	status, 6	;RP1=0, select bank0
   693  07F5  082A               	movf	(_f),w
   694  07F6  3E30               	addlw	030h
   695  07F7  120A  118A  25E1   	fcall	_lcd_data
              120A  118A         
   696                           	line	75
   697                           	
   698  07FC                     l597:	
   699                           	line	55
   700  07FC  2F25               	goto	l596
   701                           	
   702  07FD                     l598:	
   703                           	line	76
   704                           	
   705  07FD                     l599:	
   706                           	global	start
   707  07FD  120A  118A  2800   	ljmp	start
   708                           	opt stack 0
   709                           GLOBAL	__end_of_main
   710  0800                     	__end_of_main:
   711 ;; =============== function _main ends ============
   712                           
   713                           	signat	_main,90
   714                           	global	_lcd_init
   715                           psect	text159,local,class=CODE,delta=2
   716                           global __ptext159
   717  0607                     __ptext159:
   718                           
   719 ;; *************** function _lcd_init *****************
   720 ;; Defined at:
   721 ;;		line 31 in file "C:\Users\vinoth k\OneDrive\Desktop\pic codings\ADC peripheral\ADC.c"
   722 ;; Parameters:    Size  Location     Type
   723 ;;		None
   724 ;; Auto vars:     Size  Location     Type
   725 ;;		None
   726 ;; Return value:  Size  Location     Type
   727 ;;		None               void
   728 ;; Registers used:
   729 ;;		wreg, status,2, status,0, pclath, cstack
   730 ;; Tracked objects:
   731 ;;		On entry : 0/0
   732 ;;		On exit  : 0/0
   733 ;;		Unchanged: 0/0
   734 ;; Data sizes:     COMMON   BANK0   BANK1   BANK3   BANK2
   735 ;;      Params:         0       0       0       0       0
   736 ;;      Locals:         0       0       0       0       0
   737 ;;      Temps:          0       0       0       0       0
   738 ;;      Totals:         0       0       0       0       0
   739 ;;Total ram usage:        0 bytes
   740 ;; Hardware stack levels used:    1
   741 ;; Hardware stack levels required when called:    2
   742 ;; This function calls:
   743 ;;		_lcd_cmd
   744 ;; This function is called by:
   745 ;;		_main
   746 ;; This function uses a non-reentrant model
   747 ;;
   748                           psect	text159
   749                           	file	"C:\Users\vinoth k\OneDrive\Desktop\pic codings\ADC peripheral\ADC.c"
   750                           	line	31
   751                           	global	__size_of_lcd_init
   752  0037                     	__size_of_lcd_init	equ	__end_of_lcd_init-_lcd_init
   753                           	
   754  0607                     _lcd_init:	
   755                           	opt	stack 7
   756                           ; Regs used in _lcd_init: [wreg+status,2+status,0+pclath+cstack]
   757                           	line	32
   758                           	
   759  0607                     l2034:	
   760                           ;ADC.c: 32: lcd_cmd(0x38);
   761  0607  3038               	movlw	low(038h)
   762  0608  00F1               	movwf	(?_lcd_cmd)
   763  0609  3000               	movlw	high(038h)
   764  060A  00F2               	movwf	((?_lcd_cmd))+1
   765  060B  120A  118A  25D0   	fcall	_lcd_cmd
              120A  118A         
   766                           	line	33
   767                           ;ADC.c: 33: lcd_cmd(0x06);
   768  0610  3006               	movlw	low(06h)
   769  0611  00F1               	movwf	(?_lcd_cmd)
   770  0612  3000               	movlw	high(06h)
   771  0613  00F2               	movwf	((?_lcd_cmd))+1
   772  0614  120A  118A  25D0   	fcall	_lcd_cmd
              120A  118A         
   773                           	line	34
   774                           ;ADC.c: 34: lcd_cmd(0x0C);
   775  0619  300C               	movlw	low(0Ch)
   776  061A  00F1               	movwf	(?_lcd_cmd)
   777  061B  3000               	movlw	high(0Ch)
   778  061C  00F2               	movwf	((?_lcd_cmd))+1
   779  061D  120A  118A  25D0   	fcall	_lcd_cmd
              120A  118A         
   780                           	line	35
   781                           ;ADC.c: 35: lcd_cmd(0x80);
   782  0622  3080               	movlw	low(080h)
   783  0623  00F1               	movwf	(?_lcd_cmd)
   784  0624  3000               	movlw	high(080h)
   785  0625  00F2               	movwf	((?_lcd_cmd))+1
   786  0626  120A  118A  25D0   	fcall	_lcd_cmd
              120A  118A         
   787                           	line	36
   788                           ;ADC.c: 36: lcd_cmd(0xC0);
   789  062B  30C0               	movlw	low(0C0h)
   790  062C  00F1               	movwf	(?_lcd_cmd)
   791  062D  3000               	movlw	high(0C0h)
   792  062E  00F2               	movwf	((?_lcd_cmd))+1
   793  062F  120A  118A  25D0   	fcall	_lcd_cmd
              120A  118A         
   794                           	line	37
   795                           ;ADC.c: 37: lcd_cmd(0x01);
   796  0634  3001               	movlw	low(01h)
   797  0635  00F1               	movwf	(?_lcd_cmd)
   798  0636  3000               	movlw	high(01h)
   799  0637  00F2               	movwf	((?_lcd_cmd))+1
   800  0638  120A  118A  25D0   	fcall	_lcd_cmd
              120A  118A         
   801                           	line	38
   802                           	
   803  063D                     l587:	
   804  063D  0008               	return
   805                           	opt stack 0
   806                           GLOBAL	__end_of_lcd_init
   807  063E                     	__end_of_lcd_init:
   808 ;; =============== function _lcd_init ends ============
   809                           
   810                           	signat	_lcd_init,88
   811                           	global	_lcd_cmd
   812                           psect	text160,local,class=CODE,delta=2
   813                           global __ptext160
   814  05D0                     __ptext160:
   815                           
   816 ;; *************** function _lcd_cmd *****************
   817 ;; Defined at:
   818 ;;		line 22 in file "C:\Users\vinoth k\OneDrive\Desktop\pic codings\ADC peripheral\ADC.c"
   819 ;; Parameters:    Size  Location     Type
   820 ;;  cmd             2    1[COMMON] unsigned int 
   821 ;; Auto vars:     Size  Location     Type
   822 ;;		None
   823 ;; Return value:  Size  Location     Type
   824 ;;		None               void
   825 ;; Registers used:
   826 ;;		wreg, status,2, status,0, pclath, cstack
   827 ;; Tracked objects:
   828 ;;		On entry : 0/0
   829 ;;		On exit  : 0/0
   830 ;;		Unchanged: 0/0
   831 ;; Data sizes:     COMMON   BANK0   BANK1   BANK3   BANK2
   832 ;;      Params:         2       0       0       0       0
   833 ;;      Locals:         0       0       0       0       0
   834 ;;      Temps:          0       0       0       0       0
   835 ;;      Totals:         2       0       0       0       0
   836 ;;Total ram usage:        2 bytes
   837 ;; Hardware stack levels used:    1
   838 ;; Hardware stack levels required when called:    1
   839 ;; This function calls:
   840 ;;		_delay
   841 ;; This function is called by:
   842 ;;		_lcd_init
   843 ;;		_main
   844 ;; This function uses a non-reentrant model
   845 ;;
   846                           psect	text160
   847                           	file	"C:\Users\vinoth k\OneDrive\Desktop\pic codings\ADC peripheral\ADC.c"
   848                           	line	22
   849                           	global	__size_of_lcd_cmd
   850  0011                     	__size_of_lcd_cmd	equ	__end_of_lcd_cmd-_lcd_cmd
   851                           	
   852  05D0                     _lcd_cmd:	
   853                           	opt	stack 7
   854                           ; Regs used in _lcd_cmd: [wreg+status,2+status,0+pclath+cstack]
   855                           	line	23
   856                           	
   857  05D0                     l2022:	
   858                           ;ADC.c: 23: PORTB=cmd;
   859  05D0  0871               	movf	(lcd_cmd@cmd),w
   860  05D1  1283               	bcf	status, 5	;RP0=0, select bank0
   861  05D2  1303               	bcf	status, 6	;RP1=0, select bank0
   862  05D3  0086               	movwf	(6)	;volatile
   863                           	line	24
   864                           	
   865  05D4                     l2024:	
   866                           ;ADC.c: 24: RD6=0;
   867  05D4  1308               	bcf	(70/8),(70)&7
   868                           	line	25
   869                           	
   870  05D5                     l2026:	
   871                           ;ADC.c: 25: RB1=0;
   872  05D5  1086               	bcf	(49/8),(49)&7
   873                           	line	26
   874                           	
   875  05D6                     l2028:	
   876                           ;ADC.c: 26: RD7=1;
   877  05D6  1788               	bsf	(71/8),(71)&7
   878                           	line	27
   879                           	
   880  05D7                     l2030:	
   881                           ;ADC.c: 27: delay(1000);
   882  05D7  30E8               	movlw	(0E8h)
   883  05D8  120A  118A  25C5   	fcall	_delay
              120A  118A         
   884                           	line	28
   885                           	
   886  05DD                     l2032:	
   887                           ;ADC.c: 28: RD7=0;
   888  05DD  1283               	bcf	status, 5	;RP0=0, select bank0
   889  05DE  1303               	bcf	status, 6	;RP1=0, select bank0
   890  05DF  1388               	bcf	(71/8),(71)&7
   891                           	line	29
   892                           	
   893  05E0                     l584:	
   894  05E0  0008               	return
   895                           	opt stack 0
   896                           GLOBAL	__end_of_lcd_cmd
   897  05E1                     	__end_of_lcd_cmd:
   898 ;; =============== function _lcd_cmd ends ============
   899                           
   900                           	signat	_lcd_cmd,4216
   901                           	global	_lcd_data
   902                           psect	text161,local,class=CODE,delta=2
   903                           global __ptext161
   904  05E1                     __ptext161:
   905                           
   906 ;; *************** function _lcd_data *****************
   907 ;; Defined at:
   908 ;;		line 13 in file "C:\Users\vinoth k\OneDrive\Desktop\pic codings\ADC peripheral\ADC.c"
   909 ;; Parameters:    Size  Location     Type
   910 ;;  data            1    wreg     unsigned char 
   911 ;; Auto vars:     Size  Location     Type
   912 ;;  data            1    1[COMMON] unsigned char 
   913 ;; Return value:  Size  Location     Type
   914 ;;		None               void
   915 ;; Registers used:
   916 ;;		wreg, status,2, status,0, pclath, cstack
   917 ;; Tracked objects:
   918 ;;		On entry : 0/0
   919 ;;		On exit  : 0/0
   920 ;;		Unchanged: 0/0
   921 ;; Data sizes:     COMMON   BANK0   BANK1   BANK3   BANK2
   922 ;;      Params:         0       0       0       0       0
   923 ;;      Locals:         1       0       0       0       0
   924 ;;      Temps:          0       0       0       0       0
   925 ;;      Totals:         1       0       0       0       0
   926 ;;Total ram usage:        1 bytes
   927 ;; Hardware stack levels used:    1
   928 ;; Hardware stack levels required when called:    1
   929 ;; This function calls:
   930 ;;		_delay
   931 ;; This function is called by:
   932 ;;		_main
   933 ;;		_lcd_display
   934 ;; This function uses a non-reentrant model
   935 ;;
   936                           psect	text161
   937                           	file	"C:\Users\vinoth k\OneDrive\Desktop\pic codings\ADC peripheral\ADC.c"
   938                           	line	13
   939                           	global	__size_of_lcd_data
   940  0012                     	__size_of_lcd_data	equ	__end_of_lcd_data-_lcd_data
   941                           	
   942  05E1                     _lcd_data:	
   943                           	opt	stack 7
   944                           ; Regs used in _lcd_data: [wreg+status,2+status,0+pclath+cstack]
   945                           ;lcd_data@data stored from wreg
   946  05E1  00F1               	movwf	(lcd_data@data)
   947                           	line	14
   948                           	
   949  05E2                     l2010:	
   950                           ;ADC.c: 14: PORTB=data;
   951  05E2  0871               	movf	(lcd_data@data),w
   952  05E3  1283               	bcf	status, 5	;RP0=0, select bank0
   953  05E4  1303               	bcf	status, 6	;RP1=0, select bank0
   954  05E5  0086               	movwf	(6)	;volatile
   955                           	line	15
   956                           	
   957  05E6                     l2012:	
   958                           ;ADC.c: 15: RD6=1;
   959  05E6  1708               	bsf	(70/8),(70)&7
   960                           	line	16
   961                           	
   962  05E7                     l2014:	
   963                           ;ADC.c: 16: RB1=0;
   964  05E7  1086               	bcf	(49/8),(49)&7
   965                           	line	17
   966                           	
   967  05E8                     l2016:	
   968                           ;ADC.c: 17: RD7=1;
   969  05E8  1788               	bsf	(71/8),(71)&7
   970                           	line	18
   971                           	
   972  05E9                     l2018:	
   973                           ;ADC.c: 18: delay(1000);
   974  05E9  30E8               	movlw	(0E8h)
   975  05EA  120A  118A  25C5   	fcall	_delay
              120A  118A         
   976                           	line	19
   977                           	
   978  05EF                     l2020:	
   979                           ;ADC.c: 19: RD7=0;
   980  05EF  1283               	bcf	status, 5	;RP0=0, select bank0
   981  05F0  1303               	bcf	status, 6	;RP1=0, select bank0
   982  05F1  1388               	bcf	(71/8),(71)&7
   983                           	line	20
   984                           	
   985  05F2                     l581:	
   986  05F2  0008               	return
   987                           	opt stack 0
   988                           GLOBAL	__end_of_lcd_data
   989  05F3                     	__end_of_lcd_data:
   990 ;; =============== function _lcd_data ends ============
   991                           
   992                           	signat	_lcd_data,4216
   993                           	global	___awmod
   994                           psect	text162,local,class=CODE,delta=2
   995                           global __ptext162
   996  063E                     __ptext162:
   997                           
   998 ;; *************** function ___awmod *****************
   999 ;; Defined at:
  1000 ;;		line 5 in file "C:\Program Files (x86)\HI-TECH Software\PICC\9.71a\sources\awmod.c"
  1001 ;; Parameters:    Size  Location     Type
  1002 ;;  divisor         2    0[COMMON] int 
  1003 ;;  dividend        2    2[COMMON] int 
  1004 ;; Auto vars:     Size  Location     Type
  1005 ;;  sign            1    6[COMMON] unsigned char 
  1006 ;;  counter         1    5[COMMON] unsigned char 
  1007 ;; Return value:  Size  Location     Type
  1008 ;;                  2    0[COMMON] int 
  1009 ;; Registers used:
  1010 ;;		wreg, status,2, status,0
  1011 ;; Tracked objects:
  1012 ;;		On entry : 0/0
  1013 ;;		On exit  : 0/0
  1014 ;;		Unchanged: 0/0
  1015 ;; Data sizes:     COMMON   BANK0   BANK1   BANK3   BANK2
  1016 ;;      Params:         4       0       0       0       0
  1017 ;;      Locals:         2       0       0       0       0
  1018 ;;      Temps:          1       0       0       0       0
  1019 ;;      Totals:         7       0       0       0       0
  1020 ;;Total ram usage:        7 bytes
  1021 ;; Hardware stack levels used:    1
  1022 ;; This function calls:
  1023 ;;		Nothing
  1024 ;; This function is called by:
  1025 ;;		_main
  1026 ;; This function uses a non-reentrant model
  1027 ;;
  1028                           psect	text162
  1029                           	file	"C:\Program Files (x86)\HI-TECH Software\PICC\9.71a\sources\awmod.c"
  1030                           	line	5
  1031                           	global	__size_of___awmod
  1032  0060                     	__size_of___awmod	equ	__end_of___awmod-___awmod
  1033                           	
  1034  063E                     ___awmod:	
  1035                           	opt	stack 7
  1036                           ; Regs used in ___awmod: [wreg+status,2+status,0]
  1037                           	line	8
  1038                           	
  1039  063E                     l1974:	
  1040  063E  1003               	clrc
  1041  063F  3000               	movlw	0
  1042  0640  1803               	btfsc	status,0
  1043  0641  3001               	movlw	1
  1044  0642  00F6               	movwf	(___awmod@sign)
  1045                           	line	9
  1046                           	
  1047  0643                     l1976:	
  1048  0643  1FF3               	btfss	(___awmod@dividend+1),7
  1049  0644  2E46               	goto	u2291
  1050  0645  2E47               	goto	u2290
  1051  0646                     u2291:
  1052  0646  2E4F               	goto	l816
  1053  0647                     u2290:
  1054                           	line	10
  1055                           	
  1056  0647                     l1978:	
  1057  0647  09F2               	comf	(___awmod@dividend),f
  1058  0648  09F3               	comf	(___awmod@dividend+1),f
  1059  0649  0AF2               	incf	(___awmod@dividend),f
  1060  064A  1903               	skipnz
  1061  064B  0AF3               	incf	(___awmod@dividend+1),f
  1062                           	line	11
  1063  064C  01F6               	clrf	(___awmod@sign)
  1064  064D  1403               	bsf	status,0
  1065  064E  0DF6               	rlf	(___awmod@sign),f
  1066                           	line	12
  1067                           	
  1068  064F                     l816:	
  1069                           	line	13
  1070                           	
  1071  064F                     l1980:	
  1072  064F  1FF1               	btfss	(___awmod@divisor+1),7
  1073  0650  2E52               	goto	u2301
  1074  0651  2E53               	goto	u2300
  1075  0652                     u2301:
  1076  0652  2E58               	goto	l817
  1077  0653                     u2300:
  1078                           	line	14
  1079                           	
  1080  0653                     l1982:	
  1081  0653  09F0               	comf	(___awmod@divisor),f
  1082  0654  09F1               	comf	(___awmod@divisor+1),f
  1083  0655  0AF0               	incf	(___awmod@divisor),f
  1084  0656  1903               	skipnz
  1085  0657  0AF1               	incf	(___awmod@divisor+1),f
  1086                           	
  1087  0658                     l817:	
  1088                           	line	15
  1089                           	
  1090  0658                     l1984:	
  1091  0658  0871               	movf	(___awmod@divisor+1),w
  1092  0659  0470               	iorwf	(___awmod@divisor),w
  1093  065A  1903               	skipnz
  1094  065B  2E5D               	goto	u2311
  1095  065C  2E5E               	goto	u2310
  1096  065D                     u2311:
  1097  065D  2E8E               	goto	l818
  1098  065E                     u2310:
  1099                           	line	16
  1100                           	
  1101  065E                     l1986:	
  1102  065E  01F5               	clrf	(___awmod@counter)
  1103  065F  1403               	bsf	status,0
  1104  0660  0DF5               	rlf	(___awmod@counter),f
  1105                           	line	17
  1106  0661  2E6D               	goto	l819
  1107                           	
  1108  0662                     l820:	
  1109                           	line	18
  1110                           	
  1111  0662                     l1988:	
  1112  0662  3001               	movlw	01h
  1113                           	
  1114  0663                     u2325:
  1115  0663  1003               	clrc
  1116  0664  0DF0               	rlf	(___awmod@divisor),f
  1117  0665  0DF1               	rlf	(___awmod@divisor+1),f
  1118  0666  3EFF               	addlw	-1
  1119  0667  1D03               	skipz
  1120  0668  2E63               	goto	u2325
  1121                           	line	19
  1122                           	
  1123  0669                     l1990:	
  1124  0669  3001               	movlw	(01h)
  1125  066A  00F4               	movwf	(??___awmod+0)+0
  1126  066B  0874               	movf	(??___awmod+0)+0,w
  1127  066C  07F5               	addwf	(___awmod@counter),f
  1128                           	line	20
  1129                           	
  1130  066D                     l819:	
  1131                           	line	17
  1132                           	
  1133  066D                     l1992:	
  1134  066D  1FF1               	btfss	(___awmod@divisor+1),(15)&7
  1135  066E  2E70               	goto	u2331
  1136  066F  2E71               	goto	u2330
  1137  0670                     u2331:
  1138  0670  2E62               	goto	l820
  1139  0671                     u2330:
  1140                           	
  1141  0671                     l821:	
  1142                           	line	21
  1143                           	
  1144  0671                     l822:	
  1145                           	line	22
  1146                           	
  1147  0671                     l1994:	
  1148  0671  0871               	movf	(___awmod@divisor+1),w
  1149  0672  0273               	subwf	(___awmod@dividend+1),w
  1150  0673  1D03               	skipz
  1151  0674  2E77               	goto	u2345
  1152  0675  0870               	movf	(___awmod@divisor),w
  1153  0676  0272               	subwf	(___awmod@dividend),w
  1154  0677                     u2345:
  1155  0677  1C03               	skipc
  1156  0678  2E7A               	goto	u2341
  1157  0679  2E7B               	goto	u2340
  1158  067A                     u2341:
  1159  067A  2E81               	goto	l823
  1160  067B                     u2340:
  1161                           	line	23
  1162                           	
  1163  067B                     l1996:	
  1164  067B  0870               	movf	(___awmod@divisor),w
  1165  067C  02F2               	subwf	(___awmod@dividend),f
  1166  067D  0871               	movf	(___awmod@divisor+1),w
  1167  067E  1C03               	skipc
  1168  067F  03F3               	decf	(___awmod@dividend+1),f
  1169  0680  02F3               	subwf	(___awmod@dividend+1),f
  1170                           	
  1171  0681                     l823:	
  1172                           	line	24
  1173                           	
  1174  0681                     l1998:	
  1175  0681  3001               	movlw	01h
  1176                           	
  1177  0682                     u2355:
  1178  0682  1003               	clrc
  1179  0683  0CF1               	rrf	(___awmod@divisor+1),f
  1180  0684  0CF0               	rrf	(___awmod@divisor),f
  1181  0685  3EFF               	addlw	-1
  1182  0686  1D03               	skipz
  1183  0687  2E82               	goto	u2355
  1184                           	line	25
  1185                           	
  1186  0688                     l2000:	
  1187  0688  3001               	movlw	low(01h)
  1188  0689  02F5               	subwf	(___awmod@counter),f
  1189  068A  1D03               	btfss	status,2
  1190  068B  2E8D               	goto	u2361
  1191  068C  2E8E               	goto	u2360
  1192  068D                     u2361:
  1193  068D  2E71               	goto	l822
  1194  068E                     u2360:
  1195                           	
  1196  068E                     l824:	
  1197                           	line	26
  1198                           	
  1199  068E                     l818:	
  1200                           	line	27
  1201                           	
  1202  068E                     l2002:	
  1203  068E  0876               	movf	(___awmod@sign),w
  1204  068F  1D03               	skipz
  1205  0690  2E92               	goto	u2370
  1206  0691  2E97               	goto	l825
  1207  0692                     u2370:
  1208                           	line	28
  1209                           	
  1210  0692                     l2004:	
  1211  0692  09F2               	comf	(___awmod@dividend),f
  1212  0693  09F3               	comf	(___awmod@dividend+1),f
  1213  0694  0AF2               	incf	(___awmod@dividend),f
  1214  0695  1903               	skipnz
  1215  0696  0AF3               	incf	(___awmod@dividend+1),f
  1216                           	
  1217  0697                     l825:	
  1218                           	line	29
  1219                           	
  1220  0697                     l2006:	
  1221  0697  0873               	movf	(___awmod@dividend+1),w
  1222  0698  01F1               	clrf	(?___awmod+1)
  1223  0699  07F1               	addwf	(?___awmod+1)
  1224  069A  0872               	movf	(___awmod@dividend),w
  1225  069B  01F0               	clrf	(?___awmod)
  1226  069C  07F0               	addwf	(?___awmod)
  1227                           
  1228                           	
  1229  069D                     l2008:	
  1230                           	line	30
  1231                           	
  1232  069D                     l826:	
  1233  069D  0008               	return
  1234                           	opt stack 0
  1235                           GLOBAL	__end_of___awmod
  1236  069E                     	__end_of___awmod:
  1237 ;; =============== function ___awmod ends ============
  1238                           
  1239                           	signat	___awmod,8314
  1240                           	global	___awdiv
  1241                           psect	text163,local,class=CODE,delta=2
  1242                           global __ptext163
  1243  069E                     __ptext163:
  1244                           
  1245 ;; *************** function ___awdiv *****************
  1246 ;; Defined at:
  1247 ;;		line 5 in file "C:\Program Files (x86)\HI-TECH Software\PICC\9.71a\sources\awdiv.c"
  1248 ;; Parameters:    Size  Location     Type
  1249 ;;  divisor         2    0[COMMON] int 
  1250 ;;  dividend        2    2[COMMON] int 
  1251 ;; Auto vars:     Size  Location     Type
  1252 ;;  quotient        2    7[COMMON] int 
  1253 ;;  sign            1    6[COMMON] unsigned char 
  1254 ;;  counter         1    5[COMMON] unsigned char 
  1255 ;; Return value:  Size  Location     Type
  1256 ;;                  2    0[COMMON] int 
  1257 ;; Registers used:
  1258 ;;		wreg, status,2, status,0
  1259 ;; Tracked objects:
  1260 ;;		On entry : 0/0
  1261 ;;		On exit  : 0/0
  1262 ;;		Unchanged: 0/0
  1263 ;; Data sizes:     COMMON   BANK0   BANK1   BANK3   BANK2
  1264 ;;      Params:         4       0       0       0       0
  1265 ;;      Locals:         4       0       0       0       0
  1266 ;;      Temps:          1       0       0       0       0
  1267 ;;      Totals:         9       0       0       0       0
  1268 ;;Total ram usage:        9 bytes
  1269 ;; Hardware stack levels used:    1
  1270 ;; This function calls:
  1271 ;;		Nothing
  1272 ;; This function is called by:
  1273 ;;		_main
  1274 ;; This function uses a non-reentrant model
  1275 ;;
  1276                           psect	text163
  1277                           	file	"C:\Program Files (x86)\HI-TECH Software\PICC\9.71a\sources\awdiv.c"
  1278                           	line	5
  1279                           	global	__size_of___awdiv
  1280  0070                     	__size_of___awdiv	equ	__end_of___awdiv-___awdiv
  1281                           	
  1282  069E                     ___awdiv:	
  1283                           	opt	stack 7
  1284                           ; Regs used in ___awdiv: [wreg+status,2+status,0]
  1285                           	line	9
  1286                           	
  1287  069E                     l1936:	
  1288  069E  1003               	clrc
  1289  069F  3000               	movlw	0
  1290  06A0  1803               	btfsc	status,0
  1291  06A1  3001               	movlw	1
  1292  06A2  00F6               	movwf	(___awdiv@sign)
  1293                           	line	10
  1294                           	
  1295  06A3                     l1938:	
  1296  06A3  1FF1               	btfss	(___awdiv@divisor+1),7
  1297  06A4  2EA6               	goto	u2191
  1298  06A5  2EA7               	goto	u2190
  1299  06A6                     u2191:
  1300  06A6  2EAF               	goto	l748
  1301  06A7                     u2190:
  1302                           	line	11
  1303                           	
  1304  06A7                     l1940:	
  1305  06A7  09F0               	comf	(___awdiv@divisor),f
  1306  06A8  09F1               	comf	(___awdiv@divisor+1),f
  1307  06A9  0AF0               	incf	(___awdiv@divisor),f
  1308  06AA  1903               	skipnz
  1309  06AB  0AF1               	incf	(___awdiv@divisor+1),f
  1310                           	line	12
  1311  06AC  01F6               	clrf	(___awdiv@sign)
  1312  06AD  1403               	bsf	status,0
  1313  06AE  0DF6               	rlf	(___awdiv@sign),f
  1314                           	line	13
  1315                           	
  1316  06AF                     l748:	
  1317                           	line	14
  1318                           	
  1319  06AF                     l1942:	
  1320  06AF  1FF3               	btfss	(___awdiv@dividend+1),7
  1321  06B0  2EB2               	goto	u2201
  1322  06B1  2EB3               	goto	u2200
  1323  06B2                     u2201:
  1324  06B2  2EBC               	goto	l749
  1325  06B3                     u2200:
  1326                           	line	15
  1327                           	
  1328  06B3                     l1944:	
  1329  06B3  09F2               	comf	(___awdiv@dividend),f
  1330  06B4  09F3               	comf	(___awdiv@dividend+1),f
  1331  06B5  0AF2               	incf	(___awdiv@dividend),f
  1332  06B6  1903               	skipnz
  1333  06B7  0AF3               	incf	(___awdiv@dividend+1),f
  1334                           	line	16
  1335                           	
  1336  06B8                     l1946:	
  1337  06B8  3001               	movlw	(01h)
  1338  06B9  00F4               	movwf	(??___awdiv+0)+0
  1339  06BA  0874               	movf	(??___awdiv+0)+0,w
  1340  06BB  06F6               	xorwf	(___awdiv@sign),f
  1341                           	line	17
  1342                           	
  1343  06BC                     l749:	
  1344                           	line	18
  1345  06BC  3000               	movlw	low(0)
  1346  06BD  00F7               	movwf	(___awdiv@quotient)
  1347  06BE  3000               	movlw	high(0)
  1348  06BF  00F8               	movwf	((___awdiv@quotient))+1
  1349                           	line	19
  1350  06C0  0871               	movf	(___awdiv@divisor+1),w
  1351  06C1  0470               	iorwf	(___awdiv@divisor),w
  1352  06C2  1903               	skipnz
  1353  06C3  2EC5               	goto	u2211
  1354  06C4  2EC6               	goto	u2210
  1355  06C5                     u2211:
  1356  06C5  2EFE               	goto	l750
  1357  06C6                     u2210:
  1358                           	line	20
  1359                           	
  1360  06C6                     l1948:	
  1361  06C6  01F5               	clrf	(___awdiv@counter)
  1362  06C7  1403               	bsf	status,0
  1363  06C8  0DF5               	rlf	(___awdiv@counter),f
  1364                           	line	21
  1365  06C9  2ED5               	goto	l751
  1366                           	
  1367  06CA                     l752:	
  1368                           	line	22
  1369                           	
  1370  06CA                     l1950:	
  1371  06CA  3001               	movlw	01h
  1372                           	
  1373  06CB                     u2225:
  1374  06CB  1003               	clrc
  1375  06CC  0DF0               	rlf	(___awdiv@divisor),f
  1376  06CD  0DF1               	rlf	(___awdiv@divisor+1),f
  1377  06CE  3EFF               	addlw	-1
  1378  06CF  1D03               	skipz
  1379  06D0  2ECB               	goto	u2225
  1380                           	line	23
  1381                           	
  1382  06D1                     l1952:	
  1383  06D1  3001               	movlw	(01h)
  1384  06D2  00F4               	movwf	(??___awdiv+0)+0
  1385  06D3  0874               	movf	(??___awdiv+0)+0,w
  1386  06D4  07F5               	addwf	(___awdiv@counter),f
  1387                           	line	24
  1388                           	
  1389  06D5                     l751:	
  1390                           	line	21
  1391                           	
  1392  06D5                     l1954:	
  1393  06D5  1FF1               	btfss	(___awdiv@divisor+1),(15)&7
  1394  06D6  2ED8               	goto	u2231
  1395  06D7  2ED9               	goto	u2230
  1396  06D8                     u2231:
  1397  06D8  2ECA               	goto	l752
  1398  06D9                     u2230:
  1399                           	
  1400  06D9                     l753:	
  1401                           	line	25
  1402                           	
  1403  06D9                     l754:	
  1404                           	line	26
  1405                           	
  1406  06D9                     l1956:	
  1407  06D9  3001               	movlw	01h
  1408                           	
  1409  06DA                     u2245:
  1410  06DA  1003               	clrc
  1411  06DB  0DF7               	rlf	(___awdiv@quotient),f
  1412  06DC  0DF8               	rlf	(___awdiv@quotient+1),f
  1413  06DD  3EFF               	addlw	-1
  1414  06DE  1D03               	skipz
  1415  06DF  2EDA               	goto	u2245
  1416                           	line	27
  1417  06E0  0871               	movf	(___awdiv@divisor+1),w
  1418  06E1  0273               	subwf	(___awdiv@dividend+1),w
  1419  06E2  1D03               	skipz
  1420  06E3  2EE6               	goto	u2255
  1421  06E4  0870               	movf	(___awdiv@divisor),w
  1422  06E5  0272               	subwf	(___awdiv@dividend),w
  1423  06E6                     u2255:
  1424  06E6  1C03               	skipc
  1425  06E7  2EE9               	goto	u2251
  1426  06E8  2EEA               	goto	u2250
  1427  06E9                     u2251:
  1428  06E9  2EF1               	goto	l755
  1429  06EA                     u2250:
  1430                           	line	28
  1431                           	
  1432  06EA                     l1958:	
  1433  06EA  0870               	movf	(___awdiv@divisor),w
  1434  06EB  02F2               	subwf	(___awdiv@dividend),f
  1435  06EC  0871               	movf	(___awdiv@divisor+1),w
  1436  06ED  1C03               	skipc
  1437  06EE  03F3               	decf	(___awdiv@dividend+1),f
  1438  06EF  02F3               	subwf	(___awdiv@dividend+1),f
  1439                           	line	29
  1440                           	
  1441  06F0                     l1960:	
  1442  06F0  1477               	bsf	(___awdiv@quotient)+(0/8),(0)&7
  1443                           	line	30
  1444                           	
  1445  06F1                     l755:	
  1446                           	line	31
  1447                           	
  1448  06F1                     l1962:	
  1449  06F1  3001               	movlw	01h
  1450                           	
  1451  06F2                     u2265:
  1452  06F2  1003               	clrc
  1453  06F3  0CF1               	rrf	(___awdiv@divisor+1),f
  1454  06F4  0CF0               	rrf	(___awdiv@divisor),f
  1455  06F5  3EFF               	addlw	-1
  1456  06F6  1D03               	skipz
  1457  06F7  2EF2               	goto	u2265
  1458                           	line	32
  1459                           	
  1460  06F8                     l1964:	
  1461  06F8  3001               	movlw	low(01h)
  1462  06F9  02F5               	subwf	(___awdiv@counter),f
  1463  06FA  1D03               	btfss	status,2
  1464  06FB  2EFD               	goto	u2271
  1465  06FC  2EFE               	goto	u2270
  1466  06FD                     u2271:
  1467  06FD  2ED9               	goto	l754
  1468  06FE                     u2270:
  1469                           	
  1470  06FE                     l756:	
  1471                           	line	33
  1472                           	
  1473  06FE                     l750:	
  1474                           	line	34
  1475                           	
  1476  06FE                     l1966:	
  1477  06FE  0876               	movf	(___awdiv@sign),w
  1478  06FF  1D03               	skipz
  1479  0700  2F02               	goto	u2280
  1480  0701  2F07               	goto	l757
  1481  0702                     u2280:
  1482                           	line	35
  1483                           	
  1484  0702                     l1968:	
  1485  0702  09F7               	comf	(___awdiv@quotient),f
  1486  0703  09F8               	comf	(___awdiv@quotient+1),f
  1487  0704  0AF7               	incf	(___awdiv@quotient),f
  1488  0705  1903               	skipnz
  1489  0706  0AF8               	incf	(___awdiv@quotient+1),f
  1490                           	
  1491  0707                     l757:	
  1492                           	line	36
  1493                           	
  1494  0707                     l1970:	
  1495  0707  0878               	movf	(___awdiv@quotient+1),w
  1496  0708  01F1               	clrf	(?___awdiv+1)
  1497  0709  07F1               	addwf	(?___awdiv+1)
  1498  070A  0877               	movf	(___awdiv@quotient),w
  1499  070B  01F0               	clrf	(?___awdiv)
  1500  070C  07F0               	addwf	(?___awdiv)
  1501                           
  1502                           	
  1503  070D                     l1972:	
  1504                           	line	37
  1505                           	
  1506  070D                     l758:	
  1507  070D  0008               	return
  1508                           	opt stack 0
  1509                           GLOBAL	__end_of___awdiv
  1510  070E                     	__end_of___awdiv:
  1511 ;; =============== function ___awdiv ends ============
  1512                           
  1513                           	signat	___awdiv,8314
  1514                           	global	_delay
  1515                           psect	text164,local,class=CODE,delta=2
  1516                           global __ptext164
  1517  05C5                     __ptext164:
  1518                           
  1519 ;; *************** function _delay *****************
  1520 ;; Defined at:
  1521 ;;		line 9 in file "C:\Users\vinoth k\OneDrive\Desktop\pic codings\ADC peripheral\ADC.c"
  1522 ;; Parameters:    Size  Location     Type
  1523 ;;  x               1    wreg     unsigned char 
  1524 ;; Auto vars:     Size  Location     Type
  1525 ;;  x               1    0[COMMON] unsigned char 
  1526 ;; Return value:  Size  Location     Type
  1527 ;;		None               void
  1528 ;; Registers used:
  1529 ;;		wreg, status,2, status,0
  1530 ;; Tracked objects:
  1531 ;;		On entry : 0/0
  1532 ;;		On exit  : 0/0
  1533 ;;		Unchanged: 0/0
  1534 ;; Data sizes:     COMMON   BANK0   BANK1   BANK3   BANK2
  1535 ;;      Params:         0       0       0       0       0
  1536 ;;      Locals:         1       0       0       0       0
  1537 ;;      Temps:          0       0       0       0       0
  1538 ;;      Totals:         1       0       0       0       0
  1539 ;;Total ram usage:        1 bytes
  1540 ;; Hardware stack levels used:    1
  1541 ;; This function calls:
  1542 ;;		Nothing
  1543 ;; This function is called by:
  1544 ;;		_lcd_data
  1545 ;;		_lcd_cmd
  1546 ;; This function uses a non-reentrant model
  1547 ;;
  1548                           psect	text164
  1549                           	file	"C:\Users\vinoth k\OneDrive\Desktop\pic codings\ADC peripheral\ADC.c"
  1550                           	line	9
  1551                           	global	__size_of_delay
  1552  000B                     	__size_of_delay	equ	__end_of_delay-_delay
  1553                           	
  1554  05C5                     _delay:	
  1555                           	opt	stack 6
  1556                           ; Regs used in _delay: [wreg+status,2+status,0]
  1557                           ;delay@x stored from wreg
  1558  05C5  00F0               	movwf	(delay@x)
  1559                           	line	10
  1560                           	
  1561  05C6                     l1924:	
  1562                           ;ADC.c: 10: while(x--);
  1563  05C6  2DC7               	goto	l575
  1564                           	
  1565  05C7                     l576:	
  1566                           	
  1567  05C7                     l575:	
  1568                           	
  1569  05C7                     l1926:	
  1570  05C7  3001               	movlw	low(01h)
  1571  05C8  02F0               	subwf	(delay@x),f
  1572  05C9  0870               	movf	((delay@x)),w
  1573  05CA  3AFF               	xorlw	0FFh
  1574  05CB  1D03               	skipz
  1575  05CC  2DCE               	goto	u2171
  1576  05CD  2DCF               	goto	u2170
  1577  05CE                     u2171:
  1578  05CE  2DC7               	goto	l576
  1579  05CF                     u2170:
  1580                           	
  1581  05CF                     l577:	
  1582                           	line	11
  1583                           	
  1584  05CF                     l578:	
  1585  05CF  0008               	return
  1586                           	opt stack 0
  1587                           GLOBAL	__end_of_delay
  1588  05D0                     	__end_of_delay:
  1589 ;; =============== function _delay ends ============
  1590                           
  1591                           	signat	_delay,4216
  1592                           psect	text165,local,class=CODE,delta=2
  1593                           global __ptext165
  1594  0000                     __ptext165:
  1595                           	global	btemp
  1596  007E                     	btemp set 07Eh
  1597                           
  1598                           	DABS	1,126,2	;btemp
  1599                           	global	wtemp0
  1600  007E                     	wtemp0 set btemp


HI-TECH Software PICC Macro Assembler V9.71a build 6446 
Symbol Table                                                                                   Tue Mar 28 19:09:29 2023

                   _a 0020                     _b 0022                     _c 0024                     _d 0026  
                   _e 0028                     _f 002A                     _i 002C          lcd_data@data 0071  
        ___awdiv@sign 0076                   l820 0662                   l821 0671                   l581 05F2  
                 l750 06FE                   l822 0671                   l575 05C7                   l751 06D5  
                 l823 0681                   l576 05C7                   l752 06CA                   l824 068E  
                 l816 064F                   l584 05E0                   l577 05CF                   l753 06D9  
                 l825 0697                   l817 0658                   l578 05CF                   l754 06D9  
                 l826 069D                   l818 068E                   l755 06F1                   l819 066D  
                 l587 063D                   l756 06FE                   l748 06AF                   l596 0725  
                 l757 0707                   l749 06BC                   l597 07FC                   l758 070D  
                 l598 07FD                   l599 07FD                   _RB1 0031                   _RD6 0046  
                 _RD7 0047          ___awmod@sign 0076                  l2000 0688                  l2002 068E  
                l2010 05E2                  l2004 0692                  l2020 05EF                  l2012 05E6  
                l2006 0697                  l2014 05E7                  l2030 05D7                  l2022 05D0  
                l2008 069D                  l2016 05E8                  l2032 05DD                  l2024 05D4  
                l2040 071C                  l2018 05E9                  l2026 05D5                  l2034 0607  
                l2050 072A                  l2042 0720                  l2028 05D6                  l2060 075C  
                l2052 072B                  l2044 0725                  l2036 070E                  l2070 07CF  
                l2062 0773                  l2054 072E                  l2046 0728                  l2038 071A  
                l2072 07D8                  l2064 078A                  l2056 073C                  l2048 0729  
                l2074 07E1                  l2066 07A1                  l2058 0745                  l2076 07EA  
                l2068 07B8                  l2078 07F3                  l1924 05C6                  l1940 06A7  
                l1926 05C7                  l1950 06CA                  l1942 06AF                  l1960 06F0  
                l1952 06D1                  l1944 06B3                  l1936 069E                  l1970 0707  
                l1962 06F1                  l1954 06D5                  l1946 06B8                  l1938 06A3  
                l1972 070D                  l1964 06F8                  l1956 06D9                  l1948 06C6  
                l1980 064F                  l1966 06FE                  l1958 06EA                  l1990 0669  
                l1982 0653                  l1974 063E                  l1968 0702                  l1992 066D  
                l1984 0658                  l1976 0643                  l1994 0671                  l1986 065E  
                l1978 0647                  l1996 067B                  l1988 0662                  l1998 0681  
                _ADON 00F8                  _CHS0 00FB                  _CHS1 00FC                  _CHS2 00FD  
                u2200 06B3                  u2201 06B2                  u2210 06C6                  u2211 06C5  
                u2300 0653                  u2301 0652                  u2230 06D9                  u2310 065E  
                u2231 06D8                  u2311 065D                  u2225 06CB                  u2170 05CF  
                u2250 06EA                  u2330 0671                  u2171 05CE                  u2251 06E9  
                u2331 0670                  u2340 067B                  u2245 06DA                  u2341 067A  
                u2325 0663                  u2270 06FE                  u2190 06A7                  u2271 06FD  
                u2255 06E6                  u2191 06A6                  u2280 0702                  u2360 068E  
                u2265 06F2                  u2361 068D                  u2345 0677                  u2370 0692  
                u2290 0647                  u2355 0682                  u2291 0646                  u2385 0733  
                _main 070E                  _temp 007B                  btemp 007E                  start 0000  
               ?_main 0070       __end_of___awdiv 070E       __end_of___awmod 069E       ___awdiv@divisor 0070  
     ___awdiv@counter 0075                 _PORTB 0006                 _PORTD 0008                 _TRISB 0086  
               _TRISD 0088       __end_of_lcd_cmd 05E1                 _delay 05C5                 status 0003  
               wtemp0 007E          __end_of_main 0800                ??_main 0079                ?_delay 0070  
              _ADCON0 001F                _ADCON1 009F                _ADRESH 001E                _ADRESL 009E  
    ___awdiv@dividend 0072      __end_of_lcd_data 05F3      __end_of_lcd_init 063E             ??___awdiv 0074  
           ??___awmod 0074                delay@x 0070      ___awdiv@quotient 0077       ___awmod@divisor 0070  
     ___awmod@counter 0075             ??_lcd_cmd 0073        __pcstackCOMMON 0070         __end_of_delay 05D0  
             ??_delay 0070            __pbssBANK0 0020            __pmaintext 070E             ?_lcd_data 0070  
           ?_lcd_init 0070               ___awdiv 069E               ___awmod 063E               _lcd_cmd 05D0  
    ___awmod@dividend 0072            ??_lcd_data 0071            ??_lcd_init 0073  end_of_initialization 0603  
          lcd_cmd@cmd 0071   start_initialization 05F3           __pbssCOMMON 007B     __size_of_lcd_data 0012  
   __size_of_lcd_init 0037              ?___awdiv 0070             __ptext160 05D0             __ptext161 05E1  
           __ptext162 063E             __ptext163 069E             __ptext164 05C5             __ptext165 0000  
           __ptext158 0000             __ptext159 0607              ?___awmod 0070              ?_lcd_cmd 0071  
      __size_of_delay 000B      __size_of___awdiv 0070      __size_of___awmod 0060      __size_of_lcd_cmd 0011  
            _lcd_data 05E1              _lcd_init 0607         __size_of_main 00F2  
